[INFO ]2016-10-27 16:36:46.953 [main] LoginServiceIntfImpl- User with name Иван was found
[INFO ]2016-10-27 16:36:47.034 [main] LoginServiceIntfImpl- Current time is 23
[TRACE]2016-10-27 16:36:47.034 [main] LoginServiceIntfImpl- Message "nightMessage" will be printed
[INFO ]2016-10-27 16:36:47.034 [main] LoginServiceIntfImpl- Current time is 5
[TRACE]2016-10-27 16:36:47.034 [main] LoginServiceIntfImpl- Message "nightMessage" will be printed
[INFO ]2016-10-27 16:36:47.034 [main] LoginServiceIntfImpl- Current time is 6
[TRACE]2016-10-27 16:36:47.034 [main] LoginServiceIntfImpl- Message "morningMessage" will be printed
[INFO ]2016-10-27 16:36:47.375 [main] LoginServiceIntfImpl- Server received login: not_existed_user
[INFO ]2016-10-27 16:36:47.376 [main] LoginServiceIntfImpl- Server received locale: ru
[INFO ]2016-10-27 16:36:47.384 [main] LoginServiceIntfImpl- User is not found
[INFO ]2016-10-27 16:36:47.385 [main] LoginServiceIntfImpl- Server received login: user
[INFO ]2016-10-27 16:36:47.385 [main] LoginServiceIntfImpl- Server received locale: uk
[INFO ]2016-10-27 16:36:47.388 [main] LoginServiceIntfImpl- Current time is 19
[TRACE]2016-10-27 16:36:47.388 [main] LoginServiceIntfImpl- Message "eveningMessage" will be printed
[INFO ]2016-10-27 16:36:47.388 [main] LoginServiceIntfImpl- Current time is 23
[TRACE]2016-10-27 16:36:47.388 [main] LoginServiceIntfImpl- Message "nightMessage" will be printed
[INFO ]2016-10-27 16:36:47.388 [main] LoginServiceIntfImpl- Current time is 9
[TRACE]2016-10-27 16:36:47.388 [main] LoginServiceIntfImpl- Message "dayMessage" will be printed
[INFO ]2016-10-27 16:36:47.389 [main] LoginServiceIntfImpl- Current time is 19
[TRACE]2016-10-27 16:36:47.389 [main] LoginServiceIntfImpl- Message "eveningMessage" will be printed
[INFO ]2016-10-27 16:36:47.389 [main] LoginServiceIntfImpl- Current time is 6
[TRACE]2016-10-27 16:36:47.389 [main] LoginServiceIntfImpl- Message "morningMessage" will be printed
[INFO ]2016-10-27 16:36:47.389 [main] LoginServiceIntfImpl- Current time is 9
[TRACE]2016-10-27 16:36:47.389 [main] LoginServiceIntfImpl- Message "dayMessage" will be printed
[INFO ]2016-10-27 16:43:23.838 [main] LoginServiceIntfImpl- User with name Иван was found
[INFO ]2016-10-27 16:43:23.848 [main] LoginServiceIntfImpl- Current time is 23
[TRACE]2016-10-27 16:43:23.848 [main] LoginServiceIntfImpl- Message "nightMessage" will be printed
[INFO ]2016-10-27 16:43:23.848 [main] LoginServiceIntfImpl- Current time is 5
[TRACE]2016-10-27 16:43:23.848 [main] LoginServiceIntfImpl- Message "nightMessage" will be printed
[INFO ]2016-10-27 16:43:23.848 [main] LoginServiceIntfImpl- Current time is 6
[TRACE]2016-10-27 16:43:23.848 [main] LoginServiceIntfImpl- Message "morningMessage" will be printed
[INFO ]2016-10-27 16:43:24.011 [main] LoginServiceIntfImpl- Server received login: not_existed_user
[INFO ]2016-10-27 16:43:24.011 [main] LoginServiceIntfImpl- Server received locale: ru
[INFO ]2016-10-27 16:43:24.019 [main] LoginServiceIntfImpl- User is not found
[INFO ]2016-10-27 16:43:24.022 [main] LoginServiceIntfImpl- Server received login: user
[INFO ]2016-10-27 16:43:24.023 [main] LoginServiceIntfImpl- Server received locale: uk
[INFO ]2016-10-27 16:43:24.027 [main] LoginServiceIntfImpl- Current time is 19
[TRACE]2016-10-27 16:43:24.028 [main] LoginServiceIntfImpl- Message "eveningMessage" will be printed
[INFO ]2016-10-27 16:43:24.028 [main] LoginServiceIntfImpl- Current time is 23
[TRACE]2016-10-27 16:43:24.028 [main] LoginServiceIntfImpl- Message "nightMessage" will be printed
[INFO ]2016-10-27 16:43:24.029 [main] LoginServiceIntfImpl- Current time is 9
[TRACE]2016-10-27 16:43:24.029 [main] LoginServiceIntfImpl- Message "dayMessage" will be printed
[INFO ]2016-10-27 16:43:24.029 [main] LoginServiceIntfImpl- Current time is 19
[TRACE]2016-10-27 16:43:24.030 [main] LoginServiceIntfImpl- Message "eveningMessage" will be printed
[INFO ]2016-10-27 16:43:24.030 [main] LoginServiceIntfImpl- Current time is 6
[TRACE]2016-10-27 16:43:24.030 [main] LoginServiceIntfImpl- Message "morningMessage" will be printed
[INFO ]2016-10-27 16:43:24.030 [main] LoginServiceIntfImpl- Current time is 9
[TRACE]2016-10-27 16:43:24.030 [main] LoginServiceIntfImpl- Message "dayMessage" will be printed
[INFO ]2016-10-27 17:03:31.608 [main] LoginServiceIntfImpl- User with name Иван was found
[INFO ]2016-10-27 17:03:31.614 [main] LoginServiceIntfImpl- Current time is 23
[TRACE]2016-10-27 17:03:31.614 [main] LoginServiceIntfImpl- Message "nightMessage" will be printed
[INFO ]2016-10-27 17:03:31.614 [main] LoginServiceIntfImpl- Current time is 5
[TRACE]2016-10-27 17:03:31.614 [main] LoginServiceIntfImpl- Message "nightMessage" will be printed
[INFO ]2016-10-27 17:03:31.614 [main] LoginServiceIntfImpl- Current time is 6
[TRACE]2016-10-27 17:03:31.614 [main] LoginServiceIntfImpl- Message "morningMessage" will be printed
[INFO ]2016-10-27 17:03:31.966 [main] LoginServiceIntfImpl- Server received login: not_existed_user
[INFO ]2016-10-27 17:03:31.966 [main] LoginServiceIntfImpl- Server received locale: ru
[INFO ]2016-10-27 17:03:31.978 [main] LoginServiceIntfImpl- User is not found
[INFO ]2016-10-27 17:03:31.979 [main] LoginServiceIntfImpl- Server received login: user
[INFO ]2016-10-27 17:03:31.979 [main] LoginServiceIntfImpl- Server received locale: uk
[INFO ]2016-10-27 17:03:31.985 [main] LoginServiceIntfImpl- Current time is 19
[TRACE]2016-10-27 17:03:31.985 [main] LoginServiceIntfImpl- Message "eveningMessage" will be printed
[INFO ]2016-10-27 17:03:31.985 [main] LoginServiceIntfImpl- Current time is 23
[TRACE]2016-10-27 17:03:31.985 [main] LoginServiceIntfImpl- Message "nightMessage" will be printed
[INFO ]2016-10-27 17:03:31.986 [main] LoginServiceIntfImpl- Current time is 9
[TRACE]2016-10-27 17:03:31.986 [main] LoginServiceIntfImpl- Message "dayMessage" will be printed
[INFO ]2016-10-27 17:03:31.986 [main] LoginServiceIntfImpl- Current time is 19
[TRACE]2016-10-27 17:03:31.986 [main] LoginServiceIntfImpl- Message "eveningMessage" will be printed
[INFO ]2016-10-27 17:03:31.986 [main] LoginServiceIntfImpl- Current time is 6
[TRACE]2016-10-27 17:03:31.987 [main] LoginServiceIntfImpl- Message "morningMessage" will be printed
[INFO ]2016-10-27 17:03:31.987 [main] LoginServiceIntfImpl- Current time is 9
[TRACE]2016-10-27 17:03:31.987 [main] LoginServiceIntfImpl- Message "dayMessage" will be printed
[INFO ]2016-10-27 17:35:01.443 [main] LoginServiceIntfImpl- User with name Иван was found
[INFO ]2016-10-27 17:35:01.448 [main] LoginServiceIntfImpl- Current time is 23
[TRACE]2016-10-27 17:35:01.449 [main] LoginServiceIntfImpl- Message "nightMessage" will be printed
[INFO ]2016-10-27 17:35:01.449 [main] LoginServiceIntfImpl- Current time is 5
[TRACE]2016-10-27 17:35:01.449 [main] LoginServiceIntfImpl- Message "nightMessage" will be printed
[INFO ]2016-10-27 17:35:01.449 [main] LoginServiceIntfImpl- Current time is 6
[TRACE]2016-10-27 17:35:01.449 [main] LoginServiceIntfImpl- Message "morningMessage" will be printed
[INFO ]2016-10-27 17:35:01.678 [main] LoginServiceIntfImpl- Server received login: not_existed_user
[INFO ]2016-10-27 17:35:01.679 [main] LoginServiceIntfImpl- Server received locale: ru
[INFO ]2016-10-27 17:35:01.690 [main] LoginServiceIntfImpl- User is not found
[INFO ]2016-10-27 17:35:01.694 [main] LoginServiceIntfImpl- Server received login: user
[INFO ]2016-10-27 17:35:01.694 [main] LoginServiceIntfImpl- Server received locale: uk
[INFO ]2016-10-27 17:35:01.697 [main] LoginServiceIntfImpl- Current time is 19
[TRACE]2016-10-27 17:35:01.697 [main] LoginServiceIntfImpl- Message "eveningMessage" will be printed
[INFO ]2016-10-27 17:35:01.697 [main] LoginServiceIntfImpl- Current time is 23
[TRACE]2016-10-27 17:35:01.697 [main] LoginServiceIntfImpl- Message "nightMessage" will be printed
[INFO ]2016-10-27 17:35:01.697 [main] LoginServiceIntfImpl- Current time is 9
[TRACE]2016-10-27 17:35:01.697 [main] LoginServiceIntfImpl- Message "dayMessage" will be printed
[INFO ]2016-10-27 17:35:01.698 [main] LoginServiceIntfImpl- Current time is 19
[TRACE]2016-10-27 17:35:01.698 [main] LoginServiceIntfImpl- Message "eveningMessage" will be printed
[INFO ]2016-10-27 17:35:01.698 [main] LoginServiceIntfImpl- Current time is 6
[TRACE]2016-10-27 17:35:01.698 [main] LoginServiceIntfImpl- Message "morningMessage" will be printed
[INFO ]2016-10-27 17:35:01.698 [main] LoginServiceIntfImpl- Current time is 9
[TRACE]2016-10-27 17:35:01.698 [main] LoginServiceIntfImpl- Message "dayMessage" will be printed
[INFO ]2016-10-27 22:46:36.341 [main] LoginServiceIntfImpl- User with name Иван was found
[INFO ]2016-10-27 22:46:36.345 [main] LoginServiceIntfImpl- Current time is 23
[TRACE]2016-10-27 22:46:36.345 [main] LoginServiceIntfImpl- Message "nightMessage" will be printed
[INFO ]2016-10-27 22:46:36.345 [main] LoginServiceIntfImpl- Current time is 5
[TRACE]2016-10-27 22:46:36.345 [main] LoginServiceIntfImpl- Message "nightMessage" will be printed
[INFO ]2016-10-27 22:46:36.345 [main] LoginServiceIntfImpl- Current time is 6
[TRACE]2016-10-27 22:46:36.345 [main] LoginServiceIntfImpl- Message "morningMessage" will be printed
[INFO ]2016-10-27 22:46:36.589 [main] LoginServiceIntfImpl- Server received login: not_existed_user
[INFO ]2016-10-27 22:46:36.589 [main] LoginServiceIntfImpl- Server received locale: ru
[INFO ]2016-10-27 22:46:36.598 [main] LoginServiceIntfImpl- User is not found
[INFO ]2016-10-27 22:46:36.599 [main] LoginServiceIntfImpl- Server received login: user
[INFO ]2016-10-27 22:46:36.599 [main] LoginServiceIntfImpl- Server received locale: uk
[INFO ]2016-10-27 22:46:36.602 [main] LoginServiceIntfImpl- Current time is 19
[TRACE]2016-10-27 22:46:36.602 [main] LoginServiceIntfImpl- Message "eveningMessage" will be printed
[INFO ]2016-10-27 22:46:36.602 [main] LoginServiceIntfImpl- Current time is 23
[TRACE]2016-10-27 22:46:36.602 [main] LoginServiceIntfImpl- Message "nightMessage" will be printed
[INFO ]2016-10-27 22:46:36.603 [main] LoginServiceIntfImpl- Current time is 9
[TRACE]2016-10-27 22:46:36.603 [main] LoginServiceIntfImpl- Message "dayMessage" will be printed
[INFO ]2016-10-27 22:46:36.603 [main] LoginServiceIntfImpl- Current time is 19
[TRACE]2016-10-27 22:46:36.603 [main] LoginServiceIntfImpl- Message "eveningMessage" will be printed
[INFO ]2016-10-27 22:46:36.603 [main] LoginServiceIntfImpl- Current time is 6
[TRACE]2016-10-27 22:46:36.603 [main] LoginServiceIntfImpl- Message "morningMessage" will be printed
[INFO ]2016-10-27 22:46:36.603 [main] LoginServiceIntfImpl- Current time is 9
[TRACE]2016-10-27 22:46:36.603 [main] LoginServiceIntfImpl- Message "dayMessage" will be printed
[INFO ]2016-10-27 23:03:11.668 [main] LoginServiceIntfImpl- User with name Иван was found
[INFO ]2016-10-27 23:03:11.675 [main] LoginServiceIntfImpl- Current time is 23
[TRACE]2016-10-27 23:03:11.675 [main] LoginServiceIntfImpl- Message "nightMessage" will be printed
[INFO ]2016-10-27 23:03:11.675 [main] LoginServiceIntfImpl- Current time is 5
[TRACE]2016-10-27 23:03:11.675 [main] LoginServiceIntfImpl- Message "nightMessage" will be printed
[INFO ]2016-10-27 23:03:11.675 [main] LoginServiceIntfImpl- Current time is 6
[TRACE]2016-10-27 23:03:11.675 [main] LoginServiceIntfImpl- Message "morningMessage" will be printed
[INFO ]2016-10-27 23:03:11.898 [main] LoginServiceIntfImpl- Server received login: not_existed_user
[INFO ]2016-10-27 23:03:11.899 [main] LoginServiceIntfImpl- Server received locale: ru
[INFO ]2016-10-27 23:03:11.909 [main] LoginServiceIntfImpl- User is not found
[INFO ]2016-10-27 23:03:11.915 [main] LoginServiceIntfImpl- Server received login: user
[INFO ]2016-10-27 23:03:11.915 [main] LoginServiceIntfImpl- Server received locale: uk
[INFO ]2016-10-27 23:03:11.921 [main] LoginServiceIntfImpl- Current time is 19
[TRACE]2016-10-27 23:03:11.922 [main] LoginServiceIntfImpl- Message "eveningMessage" will be printed
[INFO ]2016-10-27 23:03:11.922 [main] LoginServiceIntfImpl- Current time is 23
[TRACE]2016-10-27 23:03:11.922 [main] LoginServiceIntfImpl- Message "nightMessage" will be printed
[INFO ]2016-10-27 23:03:11.923 [main] LoginServiceIntfImpl- Current time is 9
[TRACE]2016-10-27 23:03:11.924 [main] LoginServiceIntfImpl- Message "dayMessage" will be printed
[INFO ]2016-10-27 23:03:11.924 [main] LoginServiceIntfImpl- Current time is 19
[TRACE]2016-10-27 23:03:11.924 [main] LoginServiceIntfImpl- Message "eveningMessage" will be printed
[INFO ]2016-10-27 23:03:11.926 [main] LoginServiceIntfImpl- Current time is 6
[TRACE]2016-10-27 23:03:11.926 [main] LoginServiceIntfImpl- Message "morningMessage" will be printed
[INFO ]2016-10-27 23:03:11.926 [main] LoginServiceIntfImpl- Current time is 9
[TRACE]2016-10-27 23:03:11.926 [main] LoginServiceIntfImpl- Message "dayMessage" will be printed
[INFO ]2016-10-27 23:18:27.262 [main] LoginServiceIntfImpl- User with name Иван was found
[INFO ]2016-10-27 23:18:27.270 [main] LoginServiceIntfImpl- Current time is 23
[TRACE]2016-10-27 23:18:27.270 [main] LoginServiceIntfImpl- Message "nightMessage" will be printed
[INFO ]2016-10-27 23:18:27.270 [main] LoginServiceIntfImpl- Current time is 5
[TRACE]2016-10-27 23:18:27.270 [main] LoginServiceIntfImpl- Message "nightMessage" will be printed
[INFO ]2016-10-27 23:18:27.270 [main] LoginServiceIntfImpl- Current time is 6
[TRACE]2016-10-27 23:18:27.270 [main] LoginServiceIntfImpl- Message "morningMessage" will be printed
[INFO ]2016-10-27 23:18:27.472 [main] LoginServiceIntfImpl- Server received login: not_existed_user
[INFO ]2016-10-27 23:18:27.473 [main] LoginServiceIntfImpl- Server received locale: ru
[INFO ]2016-10-27 23:18:27.480 [main] LoginServiceIntfImpl- User is not found
[INFO ]2016-10-27 23:18:27.481 [main] LoginServiceIntfImpl- Server received login: user
[INFO ]2016-10-27 23:18:27.481 [main] LoginServiceIntfImpl- Server received locale: uk
[INFO ]2016-10-27 23:18:27.484 [main] LoginServiceIntfImpl- Current time is 19
[TRACE]2016-10-27 23:18:27.484 [main] LoginServiceIntfImpl- Message "eveningMessage" will be printed
[INFO ]2016-10-27 23:18:27.484 [main] LoginServiceIntfImpl- Current time is 23
[TRACE]2016-10-27 23:18:27.484 [main] LoginServiceIntfImpl- Message "nightMessage" will be printed
[INFO ]2016-10-27 23:18:27.485 [main] LoginServiceIntfImpl- Current time is 9
[TRACE]2016-10-27 23:18:27.485 [main] LoginServiceIntfImpl- Message "dayMessage" will be printed
[INFO ]2016-10-27 23:18:27.485 [main] LoginServiceIntfImpl- Current time is 19
[TRACE]2016-10-27 23:18:27.485 [main] LoginServiceIntfImpl- Message "eveningMessage" will be printed
[INFO ]2016-10-27 23:18:27.488 [main] LoginServiceIntfImpl- Current time is 6
[TRACE]2016-10-27 23:18:27.489 [main] LoginServiceIntfImpl- Message "morningMessage" will be printed
[INFO ]2016-10-27 23:18:27.489 [main] LoginServiceIntfImpl- Current time is 9
[TRACE]2016-10-27 23:18:27.489 [main] LoginServiceIntfImpl- Message "dayMessage" will be printed
[INFO ]2016-10-27 23:55:59.165 [main] LoginServiceIntfImpl- User with name Иван was found
[INFO ]2016-10-27 23:55:59.173 [main] LoginServiceIntfImpl- Current time is 23
[TRACE]2016-10-27 23:55:59.173 [main] LoginServiceIntfImpl- Message "nightMessage" will be printed
[INFO ]2016-10-27 23:55:59.173 [main] LoginServiceIntfImpl- Current time is 5
[TRACE]2016-10-27 23:55:59.173 [main] LoginServiceIntfImpl- Message "nightMessage" will be printed
[INFO ]2016-10-27 23:55:59.173 [main] LoginServiceIntfImpl- Current time is 6
[TRACE]2016-10-27 23:55:59.173 [main] LoginServiceIntfImpl- Message "morningMessage" will be printed
[INFO ]2016-10-27 23:55:59.499 [main] LoginServiceIntfImpl- Server received login: not_existed_user
[INFO ]2016-10-27 23:55:59.499 [main] LoginServiceIntfImpl- Server received locale: ru
[INFO ]2016-10-27 23:55:59.510 [main] LoginServiceIntfImpl- User is not found
[INFO ]2016-10-27 23:55:59.511 [main] LoginServiceIntfImpl- Server received login: user
[INFO ]2016-10-27 23:55:59.511 [main] LoginServiceIntfImpl- Server received locale: uk
[INFO ]2016-10-27 23:55:59.514 [main] LoginServiceIntfImpl- Current time is 19
[TRACE]2016-10-27 23:55:59.514 [main] LoginServiceIntfImpl- Message "eveningMessage" will be printed
[INFO ]2016-10-27 23:55:59.514 [main] LoginServiceIntfImpl- Current time is 23
[TRACE]2016-10-27 23:55:59.515 [main] LoginServiceIntfImpl- Message "nightMessage" will be printed
[INFO ]2016-10-27 23:55:59.515 [main] LoginServiceIntfImpl- Current time is 9
[TRACE]2016-10-27 23:55:59.515 [main] LoginServiceIntfImpl- Message "dayMessage" will be printed
[INFO ]2016-10-27 23:55:59.515 [main] LoginServiceIntfImpl- Current time is 19
[TRACE]2016-10-27 23:55:59.515 [main] LoginServiceIntfImpl- Message "eveningMessage" will be printed
[INFO ]2016-10-27 23:55:59.516 [main] LoginServiceIntfImpl- Current time is 6
[TRACE]2016-10-27 23:55:59.516 [main] LoginServiceIntfImpl- Message "morningMessage" will be printed
[INFO ]2016-10-27 23:55:59.516 [main] LoginServiceIntfImpl- Current time is 9
[TRACE]2016-10-27 23:55:59.516 [main] LoginServiceIntfImpl- Message "dayMessage" will be printed
