[INFO ]2016-10-26 12:06:14.911 [main] LoginServiceIntfImpl- User with name Иван was found
[INFO ]2016-10-26 12:06:14.916 [main] LoginServiceIntfImpl- Current time is 23
[TRACE]2016-10-26 12:06:14.916 [main] LoginServiceIntfImpl- Message "nightMessage" will be printed
[INFO ]2016-10-26 12:06:14.916 [main] LoginServiceIntfImpl- Current time is 5
[TRACE]2016-10-26 12:06:14.916 [main] LoginServiceIntfImpl- Message "nightMessage" will be printed
[INFO ]2016-10-26 12:06:14.917 [main] LoginServiceIntfImpl- Current time is 6
[TRACE]2016-10-26 12:06:14.917 [main] LoginServiceIntfImpl- Message "morningMessage" will be printed
[INFO ]2016-10-26 12:06:15.133 [main] LoginServiceIntfImpl- Server received login: not_existed_user
[INFO ]2016-10-26 12:06:15.133 [main] LoginServiceIntfImpl- Server received locale: ru
[INFO ]2016-10-26 12:06:15.140 [main] LoginServiceIntfImpl- User is not found
[INFO ]2016-10-26 12:06:15.141 [main] LoginServiceIntfImpl- Server received login: user
[INFO ]2016-10-26 12:06:15.141 [main] LoginServiceIntfImpl- Server received locale: uk
[INFO ]2016-10-26 12:06:15.144 [main] LoginServiceIntfImpl- Current time is 19
[TRACE]2016-10-26 12:06:15.144 [main] LoginServiceIntfImpl- Message "eveningMessage" will be printed
[INFO ]2016-10-26 12:06:15.144 [main] LoginServiceIntfImpl- Current time is 23
[TRACE]2016-10-26 12:06:15.144 [main] LoginServiceIntfImpl- Message "nightMessage" will be printed
[INFO ]2016-10-26 12:06:15.144 [main] LoginServiceIntfImpl- Current time is 9
[TRACE]2016-10-26 12:06:15.145 [main] LoginServiceIntfImpl- Message "dayMessage" will be printed
[INFO ]2016-10-26 12:06:15.145 [main] LoginServiceIntfImpl- Current time is 19
[TRACE]2016-10-26 12:06:15.145 [main] LoginServiceIntfImpl- Message "eveningMessage" will be printed
[INFO ]2016-10-26 12:06:15.145 [main] LoginServiceIntfImpl- Current time is 6
[TRACE]2016-10-26 12:06:15.145 [main] LoginServiceIntfImpl- Message "morningMessage" will be printed
[INFO ]2016-10-26 12:06:15.145 [main] LoginServiceIntfImpl- Current time is 9
[TRACE]2016-10-26 12:06:15.145 [main] LoginServiceIntfImpl- Message "dayMessage" will be printed
[INFO ]2016-10-26 13:52:58.081 [main] LoginServiceIntfImpl- User with name Иван was found
[INFO ]2016-10-26 13:52:58.092 [main] LoginServiceIntfImpl- Current time is 23
[TRACE]2016-10-26 13:52:58.093 [main] LoginServiceIntfImpl- Message "nightMessage" will be printed
[INFO ]2016-10-26 13:52:58.093 [main] LoginServiceIntfImpl- Current time is 5
[TRACE]2016-10-26 13:52:58.093 [main] LoginServiceIntfImpl- Message "nightMessage" will be printed
[INFO ]2016-10-26 13:52:58.093 [main] LoginServiceIntfImpl- Current time is 6
[TRACE]2016-10-26 13:52:58.093 [main] LoginServiceIntfImpl- Message "morningMessage" will be printed
[INFO ]2016-10-26 13:52:58.389 [main] LoginServiceIntfImpl- Server received login: not_existed_user
[INFO ]2016-10-26 13:52:58.389 [main] LoginServiceIntfImpl- Server received locale: ru
[INFO ]2016-10-26 13:52:58.401 [main] LoginServiceIntfImpl- User is not found
[INFO ]2016-10-26 13:52:58.402 [main] LoginServiceIntfImpl- Server received login: user
[INFO ]2016-10-26 13:52:58.402 [main] LoginServiceIntfImpl- Server received locale: uk
[INFO ]2016-10-26 13:52:58.404 [main] LoginServiceIntfImpl- Current time is 19
[TRACE]2016-10-26 13:52:58.404 [main] LoginServiceIntfImpl- Message "eveningMessage" will be printed
[INFO ]2016-10-26 13:52:58.404 [main] LoginServiceIntfImpl- Current time is 23
[TRACE]2016-10-26 13:52:58.404 [main] LoginServiceIntfImpl- Message "nightMessage" will be printed
[INFO ]2016-10-26 13:52:58.405 [main] LoginServiceIntfImpl- Current time is 9
[TRACE]2016-10-26 13:52:58.405 [main] LoginServiceIntfImpl- Message "dayMessage" will be printed
[INFO ]2016-10-26 13:52:58.405 [main] LoginServiceIntfImpl- Current time is 19
[TRACE]2016-10-26 13:52:58.405 [main] LoginServiceIntfImpl- Message "eveningMessage" will be printed
[INFO ]2016-10-26 13:52:58.406 [main] LoginServiceIntfImpl- Current time is 6
[TRACE]2016-10-26 13:52:58.406 [main] LoginServiceIntfImpl- Message "morningMessage" will be printed
[INFO ]2016-10-26 13:52:58.406 [main] LoginServiceIntfImpl- Current time is 9
[TRACE]2016-10-26 13:52:58.406 [main] LoginServiceIntfImpl- Message "dayMessage" will be printed
